<?xml version="1.0" encoding="utf-8"?><testsuites><testsuite name="pytest" errors="0" failures="0" skipped="0" tests="26" time="23.824" timestamp="2022-07-09T22:31:48.478725" hostname="laptop-dell"><testcase classname="test_01_execute" name="test_01_create_table_sqlite" time="0.100" /><testcase classname="test_01_execute" name="test_02_create_table_postgresql" time="0.081" /><testcase classname="test_01_execute" name="test_03_create_table_mssql" time="0.072" /><testcase classname="test_01_execute" name="test_04_create_table_mysql" time="0.127" /><testcase classname="test_01_execute" name="test_05_check_table_was_created[db_sqlite]" time="0.055" /><testcase classname="test_01_execute" name="test_05_check_table_was_created[db_postgresql]" time="0.055" /><testcase classname="test_01_execute" name="test_05_check_table_was_created[db_mssql]" time="0.054" /><testcase classname="test_01_execute" name="test_05_check_table_was_created[db_mysql]" time="0.058" /><testcase classname="test_01_execute" name="test_06_insert_one_hundred_rows[db_sqlite]" time="1.729" /><testcase classname="test_01_execute" name="test_06_insert_one_hundred_rows[db_mysql]" time="1.020" /><testcase classname="test_01_execute" name="test_06_insert_one_hundred_rows[db_postgresql]" time="0.538" /><testcase classname="test_01_execute" name="test_06_insert_one_hundred_rows[db_mssql]" time="1.276" /><testcase classname="test_01_execute" name="test_07_update_all_rows[db_mysql]" time="4.162" /><testcase classname="test_01_execute" name="test_07_update_all_rows[db_postgresql]" time="2.472" /><testcase classname="test_01_execute" name="test_07_update_all_rows[db_mssql]" time="3.663" /><testcase classname="test_01_execute" name="test_07_update_all_rows[db_sqlite]" time="5.303" /><testcase classname="test_02_query" name="test_01_query_all_rows_with_base_row[db_sqlite]" time="0.075" /><testcase classname="test_02_query" name="test_01_query_all_rows_with_base_row[db_mysql]" time="0.079" /><testcase classname="test_02_query" name="test_01_query_all_rows_with_base_row[db_postgresql]" time="0.125" /><testcase classname="test_02_query" name="test_01_query_all_rows_with_base_row[db_mssql]" time="0.112" /><testcase classname="test_02_query" name="test_02_query_all_rows_with_dict[db_sqlite]" time="0.072" /><testcase classname="test_02_query" name="test_02_query_all_rows_with_dict[db_mysql]" time="0.091" /><testcase classname="test_02_query" name="test_02_query_all_rows_with_dict[db_postgresql]" time="0.190" /><testcase classname="test_02_query" name="test_02_query_all_rows_with_dict[db_mssql]" time="0.096" /><testcase classname="test_03_binary" name="test_01_platform_linux" time="0.016" /><testcase classname="test_03_binary" name="test_02_platform_windows" time="0.003" /></testsuite></testsuites>