<?xml version="1.0" encoding="utf-8"?><testsuites><testsuite name="pytest" errors="0" failures="0" skipped="0" tests="54" time="92.789" timestamp="2022-07-11T15:17:49.837029" hostname="laptop-dell"><testcase classname="test_01_execute" name="test_01_create_table_sqlite" time="0.163" /><testcase classname="test_01_execute" name="test_02_create_table_postgresql" time="0.188" /><testcase classname="test_01_execute" name="test_03_create_table_mssql" time="0.215" /><testcase classname="test_01_execute" name="test_04_create_table_mysql" time="0.264" /><testcase classname="test_01_execute" name="test_05_check_table_was_created[db_sqlite]" time="0.068" /><testcase classname="test_01_execute" name="test_05_check_table_was_created[db_postgresql]" time="0.076" /><testcase classname="test_01_execute" name="test_05_check_table_was_created[db_mssql]" time="0.073" /><testcase classname="test_01_execute" name="test_05_check_table_was_created[db_mysql]" time="0.074" /><testcase classname="test_01_execute" name="test_06_insert_one_hundred_rows[db_sqlite]" time="4.818" /><testcase classname="test_01_execute" name="test_06_insert_one_hundred_rows[db_mysql]" time="3.151" /><testcase classname="test_01_execute" name="test_06_insert_one_hundred_rows[db_postgresql]" time="1.875" /><testcase classname="test_01_execute" name="test_06_insert_one_hundred_rows[db_mssql]" time="2.478" /><testcase classname="test_01_execute" name="test_07_update_all_rows[db_mysql]" time="9.499" /><testcase classname="test_01_execute" name="test_07_update_all_rows[db_postgresql]" time="7.868" /><testcase classname="test_01_execute" name="test_07_update_all_rows[db_mssql]" time="5.128" /><testcase classname="test_01_execute" name="test_07_update_all_rows[db_sqlite]" time="14.197" /><testcase classname="test_02_query" name="test_01_query_all_rows_with_base_row[db_sqlite]" time="0.214" /><testcase classname="test_02_query" name="test_01_query_all_rows_with_base_row[db_mysql]" time="0.483" /><testcase classname="test_02_query" name="test_01_query_all_rows_with_base_row[db_postgresql]" time="0.358" /><testcase classname="test_02_query" name="test_01_query_all_rows_with_base_row[db_mssql]" time="0.376" /><testcase classname="test_02_query" name="test_02_query_all_rows_with_dict[db_sqlite]" time="0.173" /><testcase classname="test_02_query" name="test_02_query_all_rows_with_dict[db_mysql]" time="0.223" /><testcase classname="test_02_query" name="test_02_query_all_rows_with_dict[db_postgresql]" time="0.171" /><testcase classname="test_02_query" name="test_02_query_all_rows_with_dict[db_mssql]" time="0.250" /><testcase classname="test_03_binary" name="test_01_platform_linux" time="0.004" /><testcase classname="test_03_binary" name="test_02_platform_windows" time="0.006" /><testcase classname="test_03_binary" name="test_03_download_without_dot_binary" time="3.309" /><testcase classname="test_03_binary" name="test_04_download_with_dot_binary" time="0.031" /><testcase classname="test_03_binary" name="test_05_binary_path_with_dot_binary" time="0.020" /><testcase classname="test_03_binary" name="test_06_binary_path_without_dot_binary" time="0.040" /><testcase classname="test_03_binary" name="test_07_linux_get_url" time="0.015" /><testcase classname="test_03_binary" name="test_08_windows_get_url" time="0.024" /><testcase classname="test_03_binary" name="test_09_windows_get_url_without_dot_gz" time="0.013" /><testcase classname="test_03_binary" name="test_10_download_http_status_error" time="0.813" /><testcase classname="test_04_extras" name="test_01_generic_sqlx_engine_error" time="0.003" /><testcase classname="test_04_extras" name="test_02_engine_raises_provider" time="0.003" /><testcase classname="test_04_extras" name="test_03_engine_raises_url" time="0.003" /><testcase classname="test_04_extras" name="test_04_engine_raises_already_connected[db_sqlite]" time="0.101" /><testcase classname="test_04_extras" name="test_04_engine_raises_already_connected[db_mysql]" time="0.086" /><testcase classname="test_04_extras" name="test_04_engine_raises_already_connected[db_postgresql]" time="0.181" /><testcase classname="test_04_extras" name="test_04_engine_raises_already_connected[db_mssql]" time="0.156" /><testcase classname="test_04_extras" name="test_05_engine_raises_not_connected_error[db_sqlite]" time="0.158" /><testcase classname="test_04_extras" name="test_05_engine_raises_not_connected_error[db_mysql]" time="0.127" /><testcase classname="test_04_extras" name="test_05_engine_raises_not_connected_error[db_postgresql]" time="0.283" /><testcase classname="test_04_extras" name="test_05_engine_raises_not_connected_error[db_mssql]" time="0.238" /><testcase classname="test_04_extras" name="test_06_aengine_raises_already_connected_error_sqlite" time="0.184" /><testcase classname="test_04_extras" name="test_07_aengine_raises_not_connected_error_sqlite" time="0.096" /><testcase classname="test_04_extras" name="test_08_aengine_request_raises_not_connected_error_sqlite" time="0.120" /><testcase classname="test_04_extras" name="test_09_aengine_raises_not_connected_error_sqlite" time="27.338" /><testcase classname="test_04_extras" name="test_10_aengine_engine_request_error_sqlite" time="0.114" /><testcase classname="test_04_extras" name="test_11_aengine_handler_error_sqlite" time="0.122" /><testcase classname="test_04_extras" name="test_12_aengine_handler_error_not_mapping_sqlite" time="0.006" /><testcase classname="test_04_extras" name="test_13_aengine_handler_error_not_mapping_generic_sqlite" time="0.004" /><testcase classname="test_04_extras" name="test_14_aengine_auto_close_connection" time="0.112" /></testsuite></testsuites>