<?xml version="1.0" encoding="utf-8"?><testsuites><testsuite name="pytest" errors="0" failures="0" skipped="0" tests="54" time="84.282" timestamp="2022-07-11T15:31:57.742610" hostname="laptop-dell"><testcase classname="test_01_execute" name="test_01_create_table_sqlite" time="3.531" /><testcase classname="test_01_execute" name="test_02_create_table_postgresql" time="0.137" /><testcase classname="test_01_execute" name="test_03_create_table_mssql" time="0.222" /><testcase classname="test_01_execute" name="test_04_create_table_mysql" time="0.176" /><testcase classname="test_01_execute" name="test_05_check_table_was_created[db_sqlite]" time="0.055" /><testcase classname="test_01_execute" name="test_05_check_table_was_created[db_postgresql]" time="0.056" /><testcase classname="test_01_execute" name="test_05_check_table_was_created[db_mssql]" time="0.061" /><testcase classname="test_01_execute" name="test_05_check_table_was_created[db_mysql]" time="0.060" /><testcase classname="test_01_execute" name="test_06_insert_one_hundred_rows[db_sqlite]" time="3.828" /><testcase classname="test_01_execute" name="test_06_insert_one_hundred_rows[db_mysql]" time="2.348" /><testcase classname="test_01_execute" name="test_06_insert_one_hundred_rows[db_postgresql]" time="1.280" /><testcase classname="test_01_execute" name="test_06_insert_one_hundred_rows[db_mssql]" time="1.861" /><testcase classname="test_01_execute" name="test_07_update_all_rows[db_mysql]" time="7.517" /><testcase classname="test_01_execute" name="test_07_update_all_rows[db_postgresql]" time="3.338" /><testcase classname="test_01_execute" name="test_07_update_all_rows[db_mssql]" time="3.306" /><testcase classname="test_01_execute" name="test_07_update_all_rows[db_sqlite]" time="15.807" /><testcase classname="test_02_query" name="test_01_query_all_rows_with_base_row[db_sqlite]" time="0.163" /><testcase classname="test_02_query" name="test_01_query_all_rows_with_base_row[db_mysql]" time="0.128" /><testcase classname="test_02_query" name="test_01_query_all_rows_with_base_row[db_postgresql]" time="0.195" /><testcase classname="test_02_query" name="test_01_query_all_rows_with_base_row[db_mssql]" time="0.287" /><testcase classname="test_02_query" name="test_02_query_all_rows_with_dict[db_sqlite]" time="0.270" /><testcase classname="test_02_query" name="test_02_query_all_rows_with_dict[db_mysql]" time="0.142" /><testcase classname="test_02_query" name="test_02_query_all_rows_with_dict[db_postgresql]" time="0.165" /><testcase classname="test_02_query" name="test_02_query_all_rows_with_dict[db_mssql]" time="0.122" /><testcase classname="test_03_binary" name="test_01_platform_linux" time="0.012" /><testcase classname="test_03_binary" name="test_02_platform_windows" time="0.003" /><testcase classname="test_03_binary" name="test_03_download_without_dot_binary" time="2.033" /><testcase classname="test_03_binary" name="test_04_download_with_dot_binary" time="0.031" /><testcase classname="test_03_binary" name="test_05_binary_path_with_dot_binary" time="0.019" /><testcase classname="test_03_binary" name="test_06_binary_path_without_dot_binary" time="0.046" /><testcase classname="test_03_binary" name="test_07_linux_get_url" time="0.003" /><testcase classname="test_03_binary" name="test_08_windows_get_url" time="0.004" /><testcase classname="test_03_binary" name="test_09_windows_get_url_without_dot_gz" time="0.020" /><testcase classname="test_03_binary" name="test_10_download_http_status_error" time="0.824" /><testcase classname="test_04_extras" name="test_01_generic_sqlx_engine_error" time="0.011" /><testcase classname="test_04_extras" name="test_02_engine_raises_provider" time="0.006" /><testcase classname="test_04_extras" name="test_03_engine_raises_url" time="0.003" /><testcase classname="test_04_extras" name="test_04_engine_raises_already_connected[db_sqlite]" time="0.122" /><testcase classname="test_04_extras" name="test_04_engine_raises_already_connected[db_mysql]" time="0.080" /><testcase classname="test_04_extras" name="test_04_engine_raises_already_connected[db_postgresql]" time="0.142" /><testcase classname="test_04_extras" name="test_04_engine_raises_already_connected[db_mssql]" time="0.110" /><testcase classname="test_04_extras" name="test_05_engine_raises_not_connected_error[db_sqlite]" time="0.122" /><testcase classname="test_04_extras" name="test_05_engine_raises_not_connected_error[db_mysql]" time="0.085" /><testcase classname="test_04_extras" name="test_05_engine_raises_not_connected_error[db_postgresql]" time="0.092" /><testcase classname="test_04_extras" name="test_05_engine_raises_not_connected_error[db_mssql]" time="0.187" /><testcase classname="test_04_extras" name="test_06_aengine_raises_already_connected_error_sqlite" time="0.088" /><testcase classname="test_04_extras" name="test_07_aengine_raises_not_connected_error_sqlite" time="0.203" /><testcase classname="test_04_extras" name="test_08_aengine_request_raises_not_connected_error_sqlite" time="0.181" /><testcase classname="test_04_extras" name="test_09_aengine_raises_not_connected_error_sqlite" time="28.321" /><testcase classname="test_04_extras" name="test_10_aengine_engine_request_error_sqlite" time="0.275" /><testcase classname="test_04_extras" name="test_11_aengine_handler_error_sqlite" time="0.095" /><testcase classname="test_04_extras" name="test_12_aengine_handler_error_not_mapping_sqlite" time="0.003" /><testcase classname="test_04_extras" name="test_13_aengine_handler_error_not_mapping_generic_sqlite" time="0.002" /><testcase classname="test_04_extras" name="test_14_aengine_auto_close_connection" time="0.095" /></testsuite></testsuites>