<?xml version="1.0" encoding="utf-8"?><testsuites><testsuite name="pytest" errors="0" failures="0" skipped="0" tests="53" time="45.972" timestamp="2022-07-11T13:42:43.060493" hostname="laptop-dell"><testcase classname="test_01_execute" name="test_01_create_table_sqlite" time="0.131" /><testcase classname="test_01_execute" name="test_02_create_table_postgresql" time="0.087" /><testcase classname="test_01_execute" name="test_03_create_table_mssql" time="0.085" /><testcase classname="test_01_execute" name="test_04_create_table_mysql" time="0.146" /><testcase classname="test_01_execute" name="test_05_check_table_was_created[db_sqlite]" time="0.060" /><testcase classname="test_01_execute" name="test_05_check_table_was_created[db_postgresql]" time="0.055" /><testcase classname="test_01_execute" name="test_05_check_table_was_created[db_mssql]" time="0.063" /><testcase classname="test_01_execute" name="test_05_check_table_was_created[db_mysql]" time="0.064" /><testcase classname="test_01_execute" name="test_06_insert_one_hundred_rows[db_sqlite]" time="1.679" /><testcase classname="test_01_execute" name="test_06_insert_one_hundred_rows[db_mysql]" time="1.023" /><testcase classname="test_01_execute" name="test_06_insert_one_hundred_rows[db_postgresql]" time="0.649" /><testcase classname="test_01_execute" name="test_06_insert_one_hundred_rows[db_mssql]" time="0.999" /><testcase classname="test_01_execute" name="test_07_update_all_rows[db_mysql]" time="3.209" /><testcase classname="test_01_execute" name="test_07_update_all_rows[db_postgresql]" time="2.192" /><testcase classname="test_01_execute" name="test_07_update_all_rows[db_mssql]" time="3.144" /><testcase classname="test_01_execute" name="test_07_update_all_rows[db_sqlite]" time="4.324" /><testcase classname="test_02_query" name="test_01_query_all_rows_with_base_row[db_sqlite]" time="0.071" /><testcase classname="test_02_query" name="test_01_query_all_rows_with_base_row[db_mysql]" time="0.072" /><testcase classname="test_02_query" name="test_01_query_all_rows_with_base_row[db_postgresql]" time="0.065" /><testcase classname="test_02_query" name="test_01_query_all_rows_with_base_row[db_mssql]" time="0.066" /><testcase classname="test_02_query" name="test_02_query_all_rows_with_dict[db_sqlite]" time="0.061" /><testcase classname="test_02_query" name="test_02_query_all_rows_with_dict[db_mysql]" time="0.060" /><testcase classname="test_02_query" name="test_02_query_all_rows_with_dict[db_postgresql]" time="0.148" /><testcase classname="test_02_query" name="test_02_query_all_rows_with_dict[db_mssql]" time="0.068" /><testcase classname="test_03_binary" name="test_01_platform_linux" time="0.001" /><testcase classname="test_03_binary" name="test_02_platform_windows" time="0.001" /><testcase classname="test_03_binary" name="test_03_download_without_dot_binary" time="1.368" /><testcase classname="test_03_binary" name="test_04_download_with_dot_binary" time="0.007" /><testcase classname="test_03_binary" name="test_05_binary_path_with_dot_binary" time="0.005" /><testcase classname="test_03_binary" name="test_06_binary_path_without_dot_binary" time="0.012" /><testcase classname="test_03_binary" name="test_07_linux_get_url" time="0.001" /><testcase classname="test_03_binary" name="test_08_windows_get_url" time="0.001" /><testcase classname="test_03_binary" name="test_09_windows_get_url_without_dot_gz" time="0.002" /><testcase classname="test_03_binary" name="test_10_download_http_status_error" time="0.781" /><testcase classname="test_04_errors" name="test_01_generic_sqlx_engine_error" time="0.001" /><testcase classname="test_04_errors" name="test_02_engine_raises_provider" time="0.001" /><testcase classname="test_04_errors" name="test_03_engine_raises_url" time="0.001" /><testcase classname="test_04_errors" name="test_04_engine_raises_already_connected[db_sqlite]" time="0.050" /><testcase classname="test_04_errors" name="test_04_engine_raises_already_connected[db_mysql]" time="0.049" /><testcase classname="test_04_errors" name="test_04_engine_raises_already_connected[db_postgresql]" time="0.067" /><testcase classname="test_04_errors" name="test_04_engine_raises_already_connected[db_mssql]" time="0.048" /><testcase classname="test_04_errors" name="test_05_engine_raises_not_connected_error[db_sqlite]" time="0.097" /><testcase classname="test_04_errors" name="test_05_engine_raises_not_connected_error[db_mysql]" time="0.058" /><testcase classname="test_04_errors" name="test_05_engine_raises_not_connected_error[db_postgresql]" time="0.050" /><testcase classname="test_04_errors" name="test_05_engine_raises_not_connected_error[db_mssql]" time="0.052" /><testcase classname="test_04_errors" name="test_06_aengine_raises_already_connected_error_sqlite" time="0.049" /><testcase classname="test_04_errors" name="test_07_aengine_raises_not_connected_error_sqlite" time="0.050" /><testcase classname="test_04_errors" name="test_08_aengine_request_raises_not_connected_error_sqlite" time="0.053" /><testcase classname="test_04_errors" name="test_09_aengine_raises_not_connected_error_sqlite" time="23.065" /><testcase classname="test_04_errors" name="test_10_aengine_engine_request_error_sqlite" time="0.055" /><testcase classname="test_04_errors" name="test_11_aengine_handler_error_sqlite" time="0.055" /><testcase classname="test_04_errors" name="test_12_aengine_handler_error_not_mapping_sqlite" time="0.001" /><testcase classname="test_04_errors" name="test_13_aengine_handler_error_not_mapping_generic_sqlite" time="0.004" /></testsuite></testsuites>