<?xml version="1.0" encoding="utf-8"?><testsuites><testsuite name="pytest" errors="0" failures="0" skipped="0" tests="20" time="20.098" timestamp="2022-07-09T10:57:44.649144" hostname="laptop-dell"><testcase classname="test_01_execute" name="test_01_create_table_sqlite" time="0.108" /><testcase classname="test_01_execute" name="test_02_create_table_postgresql" time="0.083" /><testcase classname="test_01_execute" name="test_03_create_table_mssql" time="0.083" /><testcase classname="test_01_execute" name="test_04_create_table_mysql" time="0.193" /><testcase classname="test_01_execute" name="test_05_check_table_was_created[db_sqlite]" time="0.056" /><testcase classname="test_01_execute" name="test_05_check_table_was_created[db_postgresql]" time="0.118" /><testcase classname="test_01_execute" name="test_05_check_table_was_created[db_mssql]" time="0.064" /><testcase classname="test_01_execute" name="test_05_check_table_was_created[db_mysql]" time="0.063" /><testcase classname="test_01_execute" name="test_06_insert_one_hundred_rows[db_sqlite]" time="1.616" /><testcase classname="test_01_execute" name="test_06_insert_one_hundred_rows[db_mysql]" time="1.115" /><testcase classname="test_01_execute" name="test_06_insert_one_hundred_rows[db_postgresql]" time="0.633" /><testcase classname="test_01_execute" name="test_06_insert_one_hundred_rows[db_mssql]" time="1.009" /><testcase classname="test_01_execute" name="test_07_query_all_rows[db_sqlite]" time="0.077" /><testcase classname="test_01_execute" name="test_07_query_all_rows[db_mysql]" time="0.069" /><testcase classname="test_01_execute" name="test_07_query_all_rows[db_postgresql]" time="0.076" /><testcase classname="test_01_execute" name="test_07_query_all_rows[db_mssql]" time="0.071" /><testcase classname="test_01_execute" name="test_08_update_all_rows[db_mysql]" time="3.157" /><testcase classname="test_01_execute" name="test_08_update_all_rows[db_postgresql]" time="2.239" /><testcase classname="test_01_execute" name="test_08_update_all_rows[db_mssql]" time="3.019" /><testcase classname="test_01_execute" name="test_08_update_all_rows[db_sqlite]" time="4.565" /></testsuite></testsuites>