<?xml version="1.0" encoding="utf-8"?><testsuites><testsuite errors="0" failures="1" hostname="laptop-dell" name="pytest" skipped="0" tests="64" time="6.010" timestamp="2022-11-02T22:15:24.302734"><testcase classname="unittest.async.test_adefault" name="test_success_connect_success[adb_sqlite]" time="0.028" /><testcase classname="unittest.async.test_adefault" name="test_success_connect_success[adb_pgsql]" time="0.050" /><testcase classname="unittest.async.test_adefault" name="test_success_connect_success[adb_mssql]" time="0.034" /><testcase classname="unittest.async.test_adefault" name="test_success_connect_success[adb_mysql]" time="0.046" /><testcase classname="unittest.async.test_adefault" name="test_error_connect_with_wrong_driver" time="0.022" /><testcase classname="unittest.async.test_adefault" name="test_error_connect_with_wrong_password" time="0.039" /><testcase classname="unittest.async.test_adefault" name="test_success_is_healthy[adb_sqlite]" time="0.022" /><testcase classname="unittest.async.test_adefault" name="test_success_is_healthy[adb_pgsql]" time="0.039" /><testcase classname="unittest.async.test_adefault" name="test_success_is_healthy[adb_mssql]" time="0.031" /><testcase classname="unittest.async.test_adefault" name="test_success_is_healthy[adb_mysql]" time="0.014" /><testcase classname="unittest.async.test_adefault" name="test_success_requires_isolation_first_equal_false[adb_sqlite]" time="0.021" /><testcase classname="unittest.async.test_adefault" name="test_success_requires_isolation_first_equal_false[adb_pgsql]" time="0.036" /><testcase classname="unittest.async.test_adefault" name="test_success_requires_isolation_first_equal_true[adb_mssql]" time="0.032" /><testcase classname="unittest.async.test_adefault" name="test_success_requires_isolation_first_equal_true[adb_mysql]" time="0.013" /><testcase classname="unittest.async.test_adefault" name="test_success_query_success[adb_sqlite]" time="0.048" /><testcase classname="unittest.async.test_adefault" name="test_success_query_success[adb_pgsql]" time="0.049" /><testcase classname="unittest.async.test_adefault" name="test_success_query_success[adb_mssql]" time="0.045" /><testcase classname="unittest.async.test_adefault" name="test_success_query_success[adb_mysql]" time="0.017" /><testcase classname="unittest.async.test_adefault" name="test_success_using_context_manager[sqlite:./dev.db]" time="0.020" /><testcase classname="unittest.async.test_adefault" name="test_success_using_context_manager[postgresql://postgres:Build!Test321@localhost:4442/engine]" time="0.031" /><testcase classname="unittest.async.test_adefault" name="test_success_using_context_manager[sqlserver://localhost:4444;user=sa;password=Build!Test321;encrypt=true;trustServerCertificate=true]" time="0.025" /><testcase classname="unittest.async.test_adefault" name="test_success_using_context_manager[mysql://root:Build!Test321@localhost:4443/engine]" time="0.010" /><testcase classname="unittest.async.test_adefault" name="test_error_using_context_manager" time="0.031" /><testcase classname="unittest.async.test_adefault" name="test_delete_default_connection[adb_sqlite]" time="0.017" /><testcase classname="unittest.async.test_adefault" name="test_delete_default_connection[adb_pgsql]" time="0.033" /><testcase classname="unittest.async.test_adefault" name="test_delete_default_connection[adb_mssql]" time="0.031" /><testcase classname="unittest.async.test_adefault" name="test_delete_default_connection[adb_mysql]" time="0.011" /><testcase classname="unittest.async.test_adefault" name="test_connection_already_exists_error[adb_sqlite]" time="0.022" /><testcase classname="unittest.async.test_adefault" name="test_connection_already_exists_error[adb_pgsql]" time="0.041" /><testcase classname="unittest.async.test_adefault" name="test_connection_already_exists_error[adb_mssql]" time="0.022" /><testcase classname="unittest.async.test_adefault" name="test_connection_already_exists_error[adb_mysql]" time="0.012" /><testcase classname="unittest.async.test_aquery" name="test_success_sample_query[adb_sqlite]" time="0.022" /><testcase classname="unittest.async.test_aquery" name="test_success_sample_query[adb_pgsql]" time="0.034" /><testcase classname="unittest.async.test_aquery" name="test_success_sample_query[adb_mssql]" time="0.026" /><testcase classname="unittest.async.test_aquery" name="test_success_sample_query[adb_mysql]" time="0.015" /><testcase classname="unittest.async.test_aquery" name="test_success_sample_query_with_empty_table[adb_sqlite]" time="0.032" /><testcase classname="unittest.async.test_aquery" name="test_success_sample_query_with_empty_table[adb_pgsql]" time="0.056" /><testcase classname="unittest.async.test_aquery" name="test_success_sample_query_with_empty_table[adb_mssql]" time="0.036" /><testcase classname="unittest.async.test_aquery" name="test_success_sample_query_with_empty_table[adb_mysql]" time="0.030" /><testcase classname="unittest.async.test_aquery" name="test_success_sample_query_first[adb_sqlite]" time="0.021" /><testcase classname="unittest.async.test_aquery" name="test_success_sample_query_first[adb_pgsql]" time="0.033" /><testcase classname="unittest.async.test_aquery" name="test_success_sample_query_first[adb_mssql]" time="0.029" /><testcase classname="unittest.async.test_aquery" name="test_success_sample_query_first[adb_mysql]" time="0.014" /><testcase classname="unittest.async.test_aquery" name="test_success_sample_query_first_with_empty_table[adb_sqlite]" time="0.034" /><testcase classname="unittest.async.test_aquery" name="test_success_sample_query_first_with_empty_table[adb_pgsql]" time="0.036" /><testcase classname="unittest.async.test_aquery" name="test_success_sample_query_first_with_empty_table[adb_mssql]" time="0.028" /><testcase classname="unittest.async.test_aquery" name="test_success_sample_query_first_with_empty_table[adb_mysql]" time="0.018" /><testcase classname="unittest.async.test_aquery" name="test_success_sample_query_with_dict[adb_sqlite]" time="0.019" /><testcase classname="unittest.async.test_aquery" name="test_success_sample_query_with_dict[adb_pgsql]" time="0.035" /><testcase classname="unittest.async.test_aquery" name="test_success_sample_query_with_dict[adb_mssql]" time="0.026" /><testcase classname="unittest.async.test_aquery" name="test_success_sample_query_with_dict[adb_mysql]" time="0.012" /><testcase classname="unittest.async.test_aquery" name="test_success_sample_query_with_empty_table_as_dict[adb_sqlite]" time="0.032" /><testcase classname="unittest.async.test_aquery" name="test_success_sample_query_with_empty_table_as_dict[adb_pgsql]" time="0.037" /><testcase classname="unittest.async.test_aquery" name="test_success_sample_query_with_empty_table_as_dict[adb_mssql]" time="0.026" /><testcase classname="unittest.async.test_aquery" name="test_success_sample_query_with_empty_table_as_dict[adb_mysql]" time="0.017" /><testcase classname="unittest.async.test_aquery" name="test_success_sample_query_first_with_dict[adb_sqlite]" time="0.018" /><testcase classname="unittest.async.test_aquery" name="test_success_sample_query_first_with_dict[adb_pgsql]" time="0.038" /><testcase classname="unittest.async.test_aquery" name="test_success_sample_query_first_with_dict[adb_mssql]" time="0.025" /><testcase classname="unittest.async.test_aquery" name="test_success_sample_query_first_with_dict[adb_mysql]" time="0.013" /><testcase classname="unittest.async.test_aquery" name="test_success_sample_query_first_with_empty_table_as_dict[adb_sqlite]" time="0.031" /><testcase classname="unittest.async.test_aquery" name="test_success_sample_query_first_with_empty_table_as_dict[adb_pgsql]" time="0.034" /><testcase classname="unittest.async.test_aquery" name="test_success_sample_query_first_with_empty_table_as_dict[adb_mssql]" time="0.026" /><testcase classname="unittest.async.test_aquery" name="test_success_sample_query_first_with_empty_table_as_dict[adb_mysql]" time="0.016" /><testcase classname="unittest.async.test_aquery" name="test_success_complex_query_pgsql" time="0.028"><failure message="FileNotFoundError: [Errno 2] No such file or directory: 'tests/async/sql/postgresql/create.sql'">@pytest.mark.asyncio
    async def test_success_complex_query_pgsql():
        conn: PySQLXEngine = await adb_pgsql()
        assert conn.connected is True
    
&gt;       with open("tests/async/sql/postgresql/create.sql", "r") as f:
E       FileNotFoundError: [Errno 2] No such file or directory: 'tests/async/sql/postgresql/create.sql'

tests/unittest/async/test_aquery.py:141: FileNotFoundError</failure></testcase></testsuite></testsuites>