<?xml version="1.0" encoding="utf-8"?><testsuites><testsuite name="pytest" errors="0" failures="0" skipped="0" tests="32" time="18.486" timestamp="2022-07-10T11:08:59.984504" hostname="laptop-dell"><testcase classname="test_01_execute" name="test_01_create_table_sqlite" time="0.113" /><testcase classname="test_01_execute" name="test_02_create_table_postgresql" time="0.085" /><testcase classname="test_01_execute" name="test_03_create_table_mssql" time="0.076" /><testcase classname="test_01_execute" name="test_04_create_table_mysql" time="0.137" /><testcase classname="test_01_execute" name="test_05_check_table_was_created[db_sqlite]" time="0.062" /><testcase classname="test_01_execute" name="test_05_check_table_was_created[db_postgresql]" time="0.066" /><testcase classname="test_01_execute" name="test_05_check_table_was_created[db_mssql]" time="0.060" /><testcase classname="test_01_execute" name="test_05_check_table_was_created[db_mysql]" time="0.060" /><testcase classname="test_01_execute" name="test_06_insert_one_hundred_rows[db_sqlite]" time="2.322" /><testcase classname="test_01_execute" name="test_06_insert_one_hundred_rows[db_mysql]" time="1.107" /><testcase classname="test_01_execute" name="test_06_insert_one_hundred_rows[db_postgresql]" time="0.510" /><testcase classname="test_01_execute" name="test_06_insert_one_hundred_rows[db_mssql]" time="0.809" /><testcase classname="test_01_execute" name="test_07_update_all_rows[db_mysql]" time="2.652" /><testcase classname="test_01_execute" name="test_07_update_all_rows[db_postgresql]" time="1.688" /><testcase classname="test_01_execute" name="test_07_update_all_rows[db_mssql]" time="2.649" /><testcase classname="test_01_execute" name="test_07_update_all_rows[db_sqlite]" time="3.513" /><testcase classname="test_02_query" name="test_01_query_all_rows_with_base_row[db_sqlite]" time="0.068" /><testcase classname="test_02_query" name="test_01_query_all_rows_with_base_row[db_mysql]" time="0.062" /><testcase classname="test_02_query" name="test_01_query_all_rows_with_base_row[db_postgresql]" time="0.064" /><testcase classname="test_02_query" name="test_01_query_all_rows_with_base_row[db_mssql]" time="0.063" /><testcase classname="test_02_query" name="test_02_query_all_rows_with_dict[db_sqlite]" time="0.058" /><testcase classname="test_02_query" name="test_02_query_all_rows_with_dict[db_mysql]" time="0.057" /><testcase classname="test_02_query" name="test_02_query_all_rows_with_dict[db_postgresql]" time="0.133" /><testcase classname="test_02_query" name="test_02_query_all_rows_with_dict[db_mssql]" time="0.062" /><testcase classname="test_03_binary" name="test_01_platform_linux" time="0.006" /><testcase classname="test_03_binary" name="test_02_platform_windows" time="0.001" /><testcase classname="test_03_binary" name="test_03_download_without_dot_binary" time="0.625" /><testcase classname="test_03_binary" name="test_04_download_remove_dot_binary" time="0.010" /><testcase classname="test_03_binary" name="test_05_download_with_dot_binary" time="0.007" /><testcase classname="test_03_binary" name="test_06_binary_path_dot_binary" time="0.005" /><testcase classname="test_03_binary" name="test_07_binary_path_dot_binary" time="0.012" /><testcase classname="test_03_binary" name="test_08_get_path_custom" time="0.006" /></testsuite></testsuites>